Using pre-set license
Built from '2020.2/staging' branch; Version is '2020.2.3f1 (8ff31bc5bf5b) revision 9433883'; Using compiler version '192528614'; Build Type 'Release'
OS: 'Windows 10 Pro; OS build 18363.1256; Version 1909; 64bit' Language: 'en' Physical Memory: 32712 MB
BatchMode: 1, IsHumanControllingUs: 0, StartBugReporterOnCrash: 0, Is64bit: 1, IsPro: 0

 COMMAND LINE ARGUMENTS:
C:\Program Files\Unity\Hub\Editor\2020.2.3f1\Editor\Unity.exe
-adb2
-batchMode
-noUpm
-name
AssetImportWorker0
-projectPath
F:/2D-GameRPG-Concept-main
-logFile
Logs/AssetImportWorker0.log
-srvPort
52939
Successfully changed project path to: F:/2D-GameRPG-Concept-main
F:/2D-GameRPG-Concept-main
Using Asset Import Pipeline V2.
Refreshing native plugins compatible for Editor in 49.31 ms, found 0 plugins.
Preloading 0 native plugins for Editor in 0.00 ms.
Initialize engine version: 2020.2.3f1 (8ff31bc5bf5b)
[Subsystems] Discovering subsystems at path C:/Program Files/Unity/Hub/Editor/2020.2.3f1/Editor/Data/Resources/UnitySubsystems
[Subsystems] Discovering subsystems at path F:/2D-GameRPG-Concept-main/Assets
GfxDevice: creating device client; threaded=0
Direct3D:
    Version:  Direct3D 11.0 [level 11.1]
    Renderer: NVIDIA GeForce GTX 1050 Ti (ID=0x1c82)
    Vendor:   
    VRAM:     4018 MB
    Driver:   27.21.14.5206
Initialize mono
Mono path[0] = 'C:/Program Files/Unity/Hub/Editor/2020.2.3f1/Editor/Data/Managed'
Mono path[1] = 'C:/Program Files/Unity/Hub/Editor/2020.2.3f1/Editor/Data/MonoBleedingEdge/lib/mono/unityjit'
Mono config path = 'C:/Program Files/Unity/Hub/Editor/2020.2.3f1/Editor/Data/MonoBleedingEdge/etc'
Using monoOptions --debugger-agent=transport=dt_socket,embedding=1,server=y,suspend=n,address=127.0.0.1:56664
Begin MonoManager ReloadAssembly
Registering precompiled unity dll's ...
Register platform support module: C:/Program Files/Unity/Hub/Editor/2020.2.3f1/Editor/Data/PlaybackEngines/WindowsStandaloneSupport/UnityEditor.WindowsStandalone.Extensions.dll
Registered in 0.001723 seconds.
Native extension for WindowsStandalone target not found
Refreshing native plugins compatible for Editor in 45.67 ms, found 0 plugins.
Preloading 0 native plugins for Editor in 0.00 ms.
Invoked RoslynAnalysisRunner static constructor.
RoslynAnalysisRunner will not be running.
RoslynAnalysisRunner has terminated.
Mono: successfully reloaded assembly
- Completed reload, in  1.584 seconds
Platform modules already initialized, skipping
Registering precompiled user dll's ...
Registered in 0.001591 seconds.
Begin MonoManager ReloadAssembly
Native extension for WindowsStandalone target not found
Refreshing native plugins compatible for Editor in 0.82 ms, found 0 plugins.
Preloading 0 native plugins for Editor in 0.00 ms.
Invoked RoslynAnalysisRunner static constructor.
RoslynAnalysisRunner will not be running.
RoslynAnalysisRunner has terminated.
Mono: successfully reloaded assembly
- Completed reload, in  0.945 seconds
Platform modules already initialized, skipping
========================================================================
Worker process is ready to serve import requests
Launched and connected shader compiler UnityShaderCompiler.exe after 0.04 seconds
Refreshing native plugins compatible for Editor in 0.52 ms, found 0 plugins.
Preloading 0 native plugins for Editor in 0.00 ms.
Unloading 1589 Unused Serialized files (Serialized files now loaded: 0)
System memory in use before: 72.3 MB.
System memory in use after: 72.4 MB.

Unloading 32 unused Assets to reduce memory usage. Loaded Objects now: 2018.
Total: 2.811500 ms (FindLiveObjects: 0.355300 ms CreateObjectMapping: 0.130800 ms MarkObjects: 2.272500 ms  DeleteObjects: 0.051400 ms)

========================================================================
Received Import Request.
  path: Assets/Level3.unity
  artifactKey: Guid(3aacbb5ddf3e8e14f9f2ddc0654e1c0d) Importer(815301076,1909f56bfc062723c751e8b465ee728b)
Start importing Assets/Level3.unity using Guid(3aacbb5ddf3e8e14f9f2ddc0654e1c0d) Importer(815301076,1909f56bfc062723c751e8b465ee728b)  -> (artifact id: '1317e7ca2ddb3248df4b93df7209c116') in 0.010622 seconds
  Import took 0.013886 seconds .

========================================================================
Received Prepare
Registering precompiled user dll's ...
Registered in 0.001378 seconds.
Begin MonoManager ReloadAssembly
Native extension for WindowsStandalone target not found
Refreshing native plugins compatible for Editor in 0.79 ms, found 0 plugins.
Preloading 0 native plugins for Editor in 0.00 ms.
Invoked RoslynAnalysisRunner static constructor.
RoslynAnalysisRunner will not be running.
RoslynAnalysisRunner has terminated.
Mono: successfully reloaded assembly
- Completed reload, in  0.891 seconds
Platform modules already initialized, skipping
Switching build target platform(5) subTarget(0) extendedPlatform(0) -> platform(13) subTarget(589824) extendedPlatform(0)
Refreshing native plugins compatible for Editor in 0.75 ms, found 0 plugins.
Preloading 0 native plugins for Editor in 0.00 ms.
Unloading 1574 Unused Serialized files (Serialized files now loaded: 0)
System memory in use before: 71.3 MB.
System memory in use after: 71.4 MB.

Unloading 24 unused Assets to reduce memory usage. Loaded Objects now: 2020.
Total: 2.565800 ms (FindLiveObjects: 0.236600 ms CreateObjectMapping: 0.074900 ms MarkObjects: 2.218700 ms  DeleteObjects: 0.033100 ms)

AssetImportParameters requested are different than current active one (requested -> active):
  custom:graphics/normal-map-encoding: 01000000000000000000000000000000 -> 02000000000000000000000000000000
========================================================================
Received Import Request.
  Time since last request: 300.096518 seconds.
  path: Assets/Level-2.unity
  artifactKey: Guid(4a35dae77c39ba7489c52c65c38e27f3) Importer(815301076,1909f56bfc062723c751e8b465ee728b)
Start importing Assets/Level-2.unity using Guid(4a35dae77c39ba7489c52c65c38e27f3) Importer(815301076,1909f56bfc062723c751e8b465ee728b)  -> (artifact id: 'f82f366b44236541452caed188362bb2') in 0.011568 seconds
  Import took 0.016076 seconds .

========================================================================
Received Import Request.
  Time since last request: 2.835678 seconds.
  path: Assets/Level3.unity
  artifactKey: Guid(3aacbb5ddf3e8e14f9f2ddc0654e1c0d) Importer(815301076,1909f56bfc062723c751e8b465ee728b)
Start importing Assets/Level3.unity using Guid(3aacbb5ddf3e8e14f9f2ddc0654e1c0d) Importer(815301076,1909f56bfc062723c751e8b465ee728b)  -> (artifact id: '22cac51c37f2dd9321ca8f7f0330415f') in 0.002034 seconds
  Import took 0.005342 seconds .

========================================================================
Received Import Request.
  Time since last request: 2075.968274 seconds.
  path: Assets/Test/kongtext.ttf
  artifactKey: Guid(888ac74217d7a1c409eeb974c6cf0840) Importer(815301076,1909f56bfc062723c751e8b465ee728b)
Start importing Assets/Test/kongtext.ttf using Guid(888ac74217d7a1c409eeb974c6cf0840) Importer(815301076,1909f56bfc062723c751e8b465ee728b)  -> (artifact id: '876251df0f9edbf211b9d29f5b4a1668') in 0.113978 seconds
  Import took 0.118794 seconds .

========================================================================
Received Import Request.
  Time since last request: 0.000266 seconds.
  path: Assets/TextMesh Pro/Resources/Fonts & Materials/mr-pixel/VTF MisterPixel/otf/Mister Pixel Tools.otf
  artifactKey: Guid(7753de696a1e4154a8257ba639102f20) Importer(815301076,1909f56bfc062723c751e8b465ee728b)
Start importing Assets/TextMesh Pro/Resources/Fonts & Materials/mr-pixel/VTF MisterPixel/otf/Mister Pixel Tools.otf using Guid(7753de696a1e4154a8257ba639102f20) Importer(815301076,1909f56bfc062723c751e8b465ee728b)  -> (artifact id: '46394feaaa98dcec1341a3a59876b216') in 0.012956 seconds
  Import took 0.016237 seconds .

========================================================================
Received Import Request.
  Time since last request: 0.000203 seconds.
  path: Assets/Test/kongtext.ttf
  artifactKey: Guid(888ac74217d7a1c409eeb974c6cf0840) Importer(815301076,1909f56bfc062723c751e8b465ee728b)
Start importing Assets/Test/kongtext.ttf using Guid(888ac74217d7a1c409eeb974c6cf0840) Importer(815301076,1909f56bfc062723c751e8b465ee728b)  -> (artifact id: '876251df0f9edbf211b9d29f5b4a1668') in 0.009352 seconds
  Import took 0.013108 seconds .

========================================================================
Received Import Request.
  Time since last request: 0.000222 seconds.
  path: Assets/TextMesh Pro/Resources/Fonts & Materials/mr-pixel/VTF MisterPixel/otf/Mister Pixel Regular.otf
  artifactKey: Guid(c1b94c93cb93f3c4e8c25762bd5e47ad) Importer(815301076,1909f56bfc062723c751e8b465ee728b)
Start importing Assets/TextMesh Pro/Resources/Fonts & Materials/mr-pixel/VTF MisterPixel/otf/Mister Pixel Regular.otf using Guid(c1b94c93cb93f3c4e8c25762bd5e47ad) Importer(815301076,1909f56bfc062723c751e8b465ee728b)  -> (artifact id: 'b5286429b9aa422ece0dac23729e8ac0') in 0.009031 seconds
  Import took 0.012333 seconds .

========================================================================
Received Prepare
Registering precompiled user dll's ...
Registered in 0.001520 seconds.
Begin MonoManager ReloadAssembly
Native extension for WindowsStandalone target not found
Refreshing native plugins compatible for Editor in 0.70 ms, found 0 plugins.
Preloading 0 native plugins for Editor in 0.00 ms.
Invoked RoslynAnalysisRunner static constructor.
RoslynAnalysisRunner will not be running.
RoslynAnalysisRunner has terminated.
Mono: successfully reloaded assembly
- Completed reload, in  0.901 seconds
Platform modules already initialized, skipping
Switching build target platform(5) subTarget(0) extendedPlatform(0) -> platform(13) subTarget(589824) extendedPlatform(0)
Refreshing native plugins compatible for Editor in 0.72 ms, found 0 plugins.
Preloading 0 native plugins for Editor in 0.00 ms.
Unloading 1574 Unused Serialized files (Serialized files now loaded: 0)
System memory in use before: 74.8 MB.
System memory in use after: 74.9 MB.

Unloading 24 unused Assets to reduce memory usage. Loaded Objects now: 2066.
Total: 2.797800 ms (FindLiveObjects: 0.298000 ms CreateObjectMapping: 0.155400 ms MarkObjects: 2.309200 ms  DeleteObjects: 0.033100 ms)

AssetImportParameters requested are different than current active one (requested -> active):
  custom:graphics/normal-map-encoding: 01000000000000000000000000000000 -> 02000000000000000000000000000000
AssetImportWorkerClient::OnTransportError - code=2 error=End of file
